<?xml version="1.0" encoding="UTF-8"?>
<!-- Generated by org.testng.reporters.JUnitReportReporter -->
<testsuite hostname="ASUSAMD1504" failures="0" tests="5" name="MyTests" time="32.091" errors="0" timestamp="2024-10-25T22:57:17 GMT+03:00" skipped="0">
  <testcase classname="MyTests" name="CreateAnAccount" time="6.300"/>
  <system-out/>
  <testcase classname="MyTests" name="LogoutTest" time="1.822"/>
  <system-out/>
  <testcase classname="MyTests" name="LogInTest" time="4.910"/>
  <system-out/>
  <testcase classname="MyTests" name="AddMenItems" time="6.588"/>
  <system-out/>
  <testcase classname="MyTests" name="AddWomenItems" time="12.471"/>
  <system-out/>
</testsuite> <!-- MyTests -->
